2018-08-16T02:36:40.922+0100 I CONTROL  [main] Trying to start Windows service 'MongoDB'
2018-08-16T02:36:40.933+0100 I CONTROL  [initandlisten] MongoDB starting : pid=4600 port=27018 dbpath=D:\Final Year Project\PRCO304 Final Year Project\Version 2\db 64-bit host=Atom
2018-08-16T02:36:40.933+0100 I CONTROL  [initandlisten] targetMinOS: Windows 7/Windows Server 2008 R2
2018-08-16T02:36:40.933+0100 I CONTROL  [initandlisten] db version v4.0.1
2018-08-16T02:36:40.933+0100 I CONTROL  [initandlisten] git version: 54f1582fc6eb01de4d4c42f26fc133e623f065fb
2018-08-16T02:36:40.933+0100 I CONTROL  [initandlisten] allocator: tcmalloc
2018-08-16T02:36:40.933+0100 I CONTROL  [initandlisten] modules: none
2018-08-16T02:36:40.933+0100 I CONTROL  [initandlisten] build environment:
2018-08-16T02:36:40.934+0100 I CONTROL  [initandlisten]     distmod: 2008plus-ssl
2018-08-16T02:36:40.934+0100 I CONTROL  [initandlisten]     distarch: x86_64
2018-08-16T02:36:40.934+0100 I CONTROL  [initandlisten]     target_arch: x86_64
2018-08-16T02:36:40.934+0100 I CONTROL  [initandlisten] options: { net: { port: 27018 }, service: true, storage: { dbPath: "D:\Final Year Project\PRCO304 Final Year Project\Version 2\db" }, systemLog: { destination: "file", path: "D:\Final Year Project\PRCO304 Final Year Project\Version 2\db\log\mongod.log" } }
2018-08-16T02:36:40.941+0100 I STORAGE  [initandlisten] Detected data files in D:\Final Year Project\PRCO304 Final Year Project\Version 2\db created by the 'wiredTiger' storage engine, so setting the active storage engine to 'wiredTiger'.
2018-08-16T02:36:40.941+0100 I STORAGE  [initandlisten] wiredtiger_open config: create,cache_size=7650M,session_max=20000,eviction=(threads_min=4,threads_max=4),config_base=false,statistics=(fast),log=(enabled=true,archive=true,path=journal,compressor=snappy),file_manager=(close_idle_time=100000),statistics_log=(wait=0),verbose=(recovery_progress),
2018-08-16T02:36:41.404+0100 I STORAGE  [initandlisten] WiredTiger message [1534383401:404169][4600:140716045581392], txn-recover: Main recovery loop: starting at 1/464128
2018-08-16T02:36:41.532+0100 I STORAGE  [initandlisten] WiredTiger message [1534383401:532168][4600:140716045581392], txn-recover: Recovering log 1 through 2
2018-08-16T02:36:41.644+0100 I STORAGE  [initandlisten] WiredTiger message [1534383401:644169][4600:140716045581392], txn-recover: Recovering log 2 through 2
2018-08-16T02:36:41.721+0100 I STORAGE  [initandlisten] WiredTiger message [1534383401:721172][4600:140716045581392], txn-recover: Set global recovery timestamp: 0
2018-08-16T02:36:41.950+0100 I RECOVERY [initandlisten] WiredTiger recoveryTimestamp. Ts: Timestamp(0, 0)
2018-08-16T02:36:42.457+0100 I CONTROL  [initandlisten] 
2018-08-16T02:36:42.457+0100 I CONTROL  [initandlisten] ** WARNING: Access control is not enabled for the database.
2018-08-16T02:36:42.457+0100 I CONTROL  [initandlisten] **          Read and write access to data and configuration is unrestricted.
2018-08-16T02:36:42.457+0100 I CONTROL  [initandlisten] 
2018-08-16T02:36:42.457+0100 I CONTROL  [initandlisten] ** WARNING: This server is bound to localhost.
2018-08-16T02:36:42.457+0100 I CONTROL  [initandlisten] **          Remote systems will be unable to connect to this server. 
2018-08-16T02:36:42.457+0100 I CONTROL  [initandlisten] **          Start the server with --bind_ip <address> to specify which IP 
2018-08-16T02:36:42.457+0100 I CONTROL  [initandlisten] **          addresses it should serve responses from, or with --bind_ip_all to
2018-08-16T02:36:42.457+0100 I CONTROL  [initandlisten] **          bind to all interfaces. If this behavior is desired, start the
2018-08-16T02:36:42.457+0100 I CONTROL  [initandlisten] **          server with --bind_ip 127.0.0.1 to disable this warning.
2018-08-16T02:36:42.457+0100 I CONTROL  [initandlisten] 
2018-08-16T02:36:42.974+0100 I FTDC     [initandlisten] Initializing full-time diagnostic data capture with directory 'D:/Final Year Project/PRCO304 Final Year Project/Version 2/db/diagnostic.data'
2018-08-16T02:36:42.976+0100 I NETWORK  [initandlisten] waiting for connections on port 27018
2018-08-16T02:36:42.976+0100 I STORAGE  [initandlisten] Service running
